#
# A fatal error has been detected by the Java Runtime Environment:
#
#  EXCEPTION_ACCESS_VIOLATION (0xc0000005) at pc=0x0000021354f21066, pid=16228, tid=0x00000000000052a0
#
# JRE version: OpenJDK Runtime Environment (8.0_272-b10) (build 1.8.0_272-b10)
# Java VM: OpenJDK 64-Bit Server VM (25.272-b10 mixed mode windows-amd64 compressed oops)
# Problematic frame:
# C  [OpenAL64.dll+0x11066]
#
# Failed to write core dump. Minidumps are not enabled by default on client versions of Windows
#
# If you would like to submit a bug report, please visit:
#   https://github.com/AdoptOpenJDK/openjdk-support/issues
# The crash happened outside the Java Virtual Machine in native code.
# See problematic frame for where to report the bug.
#

---------------  T H R E A D  ---------------

Current thread (0x000002134e205800):  JavaThread "Thread-5" [_thread_in_native, id=21152, stack(0x000000b848700000,0x000000b848800000)]

siginfo: ExceptionCode=0xc0000005, reading address 0x000002134e32b004

Registers:
RAX=0x0000000000000004, RBX=0x00000213dcda0090, RCX=0x000002134e32b008, RDX=0x000002134e32b004
RSP=0x000000b8487fea80, RBP=0x00000000000000ff, RSI=0x000002134e3287ec, RDI=0x0000000000000000
R8 =0x0000000000000a06, R9 =0x000002134e3287ec, R10=0x00000213303f9c62, R11=0x0000000072daf430
R12=0x0000000000000001, R13=0x00000213dcc5ca88, R14=0x000000b8487fec18, R15=0x000002134e205800
RIP=0x0000021354f21066, EFLAGS=0x0000000000010202

Top of Stack: (sp=0x000000b8487fea80)
0x000000b8487fea80:   0000000000000000 000002134e205800
0x000000b8487fea90:   00000213dcc5ca88 000002134e205800
0x000000b8487feaa0:   000000b8487fec18 00000213dcc5ca88
0x000000b8487feab0:   000002134e205800 000002134e795050
0x000000b8487feac0:   00000213dcc5ca88 0000000000000000
0x000000b8487fead0:   000002134e0f6950 0000000072c49ce5
0x000000b8487feae0:   000000b8487ff280 0000021350c4dc00
0x000000b8487feaf0:   000002134e205800 000000b8487fec18
0x000000b8487feb00:   00000213dcc5ca88 0000000000000000
0x000000b8487feb10:   000002134e3287ec 00000006c26571b8
0x000000b8487feb20:   000000b8487febe0 0000021354f2248f
0x000000b8487feb30:   00000213dcda0090 00000213dcda0090
0x000000b8487feb40:   000000060000ac44 0000021300000004
0x000000b8487feb50:   0000000000000010 00000213303f9c8e
0x000000b8487feb60:   00000213dcc5ca88 00000213303f9985
0x000000b8487feb70:   000002134e205800 00000213dcc5ca88 

Instructions: (pc=0x0000021354f21066)
0x0000021354f21046:   41 2b ec 81 3a 03 00 02 00 75 09 8b 01 89 84 24
0x0000021354f21056:   c8 00 00 00 49 83 c0 02 48 83 c1 08 4a 8d 14 86
0x0000021354f21066:   39 3a 75 af 4c 8d 84 24 c0 00 00 00 48 8d 15 d7
0x0000021354f21076:   2b 03 00 33 c9 e8 58 5f 00 00 b8 40 1f 00 00 4c 


Register to memory mapping:

RAX=0x0000000000000004 is an unknown value
RBX=0x00000213dcda0090 is an unknown value
RCX=0x000002134e32b008 is an unknown value
RDX=0x000002134e32b004 is an unknown value
RSP=0x000000b8487fea80 is pointing into the stack for thread: 0x000002134e205800
RBP=0x00000000000000ff is an unknown value
RSI=0x000002134e3287ec is an unknown value
RDI=0x0000000000000000 is an unknown value
R8 =0x0000000000000a06 is an unknown value
R9 =0x000002134e3287ec is an unknown value
R10=0x00000213303f9c62 is at code_begin+962 in an Interpreter codelet
method entry point (kind = native)  [0x00000213303f98a0, 0x00000213303fa340]  2720 bytes
R11=0x0000000072daf430 is an unknown value
R12=0x0000000000000001 is an unknown value
R13={method} {0x00000213dcc5ca90} 'nalcCreateContext' '(JJ)J' in 'org/lwjgl/openal/ALC10'
R14=0x000000b8487fec18 is pointing into the stack for thread: 0x000002134e205800
R15=0x000002134e205800 is a thread


Stack: [0x000000b848700000,0x000000b848800000],  sp=0x000000b8487fea80,  free space=1018k
Native frames: (J=compiled Java code, j=interpreted, Vv=VM code, C=native code)
C  [OpenAL64.dll+0x11066]
C  [OpenAL64.dll+0x1248f]
C  0x00000213303f9c8e

Java frames: (J=compiled Java code, j=interpreted, Vv=VM code)
j  org.lwjgl.openal.ALC10.nalcCreateContext(JJ)J+0
j  org.lwjgl.openal.ALC10.alcCreateContext(Lorg/lwjgl/openal/ALCdevice;Ljava/nio/IntBuffer;)Lorg/lwjgl/openal/ALCcontext;+8
j  org.lwjgl.openal.AL.init(Ljava/lang/String;IIZZ)V+69
j  org.lwjgl.openal.AL.create(Ljava/lang/String;IIZZ)V+246
j  org.lwjgl.openal.AL.create(Ljava/lang/String;IIZ)V+5
j  org.lwjgl.openal.AL.create()V+6
j  paulscode.sound.libraries.LibraryLWJGLOpenAL.init()V+2
j  paulscode.sound.SoundSystem.CommandNewLibrary(Ljava/lang/Class;)V+273
j  paulscode.sound.SoundSystem.CommandQueue(Lpaulscode/sound/CommandObject;)Z+1206
j  paulscode.sound.CommandThread.run()V+51
v  ~StubRoutines::call_stub

---------------  P R O C E S S  ---------------

Java Threads: ( => current thread )
  0x000002134e208000 JavaThread "Thread-6" [_thread_blocked, id=8752, stack(0x000000b848800000,0x000000b848900000)]
=>0x000002134e205800 JavaThread "Thread-5" [_thread_in_native, id=21152, stack(0x000000b848700000,0x000000b848800000)]
  0x000002134e209800 JavaThread "Sound Library Loader" [_thread_blocked, id=24764, stack(0x000000b848500000,0x000000b848600000)]
  0x000002134e206800 JavaThread "Keep-Alive-Timer" daemon [_thread_blocked, id=4412, stack(0x000000b848600000,0x000000b848700000)]
  0x000002134cc18800 JavaThread "LWJGL Timer" daemon [_thread_blocked, id=24584, stack(0x000000b848400000,0x000000b848500000)]
  0x000002134f7b7800 JavaThread "Thread-3" [_thread_in_native, id=24560, stack(0x000000b848300000,0x000000b848400000)]
  0x000002134bcfa800 JavaThread "Java2D Disposer" daemon [_thread_blocked, id=22064, stack(0x000000b847e00000,0x000000b847f00000)]
  0x000002134bd4f800 JavaThread "Timer hack thread" daemon [_thread_blocked, id=10964, stack(0x000000b847d00000,0x000000b847e00000)]
  0x000002134e9c4000 JavaThread "Snooper Timer" daemon [_thread_blocked, id=7708, stack(0x000000b847c00000,0x000000b847d00000)]
  0x000002134b929800 JavaThread "Service Thread" daemon [_thread_blocked, id=24148, stack(0x000000b847a00000,0x000000b847b00000)]
  0x000002134b8cd000 JavaThread "C1 CompilerThread3" daemon [_thread_blocked, id=3272, stack(0x000000b847900000,0x000000b847a00000)]
  0x000002134b8c7800 JavaThread "C2 CompilerThread2" daemon [_thread_in_native, id=21380, stack(0x000000b847800000,0x000000b847900000)]
  0x000002134b8bd000 JavaThread "C2 CompilerThread1" daemon [_thread_blocked, id=7472, stack(0x000000b847700000,0x000000b847800000)]
  0x000002134b8bc000 JavaThread "C2 CompilerThread0" daemon [_thread_in_native, id=21212, stack(0x000000b847600000,0x000000b847700000)]
  0x000002134b8bb800 JavaThread "Monitor Ctrl-Break" daemon [_thread_in_native, id=20088, stack(0x000000b847500000,0x000000b847600000)]
  0x00000213496e5000 JavaThread "Attach Listener" daemon [_thread_blocked, id=11284, stack(0x000000b847400000,0x000000b847500000)]
  0x00000213496e0800 JavaThread "Signal Dispatcher" daemon [_thread_blocked, id=13584, stack(0x000000b847300000,0x000000b847400000)]
  0x00000213496b4800 JavaThread "Finalizer" daemon [_thread_blocked, id=13864, stack(0x000000b847200000,0x000000b847300000)]
  0x00000213496ac800 JavaThread "Reference Handler" daemon [_thread_blocked, id=11396, stack(0x000000b847100000,0x000000b847200000)]
  0x000002132ea75800 JavaThread "Client thread" [_thread_in_native, id=22160, stack(0x000000b846700000,0x000000b846800000)]

Other Threads:
  0x000002134967c800 VMThread [stack: 0x000000b847000000,0x000000b847100000] [id=6528]
  0x000002134b970800 WatcherThread [stack: 0x000000b847b00000,0x000000b847c00000] [id=23512]

VM state:not at safepoint (normal execution)

VM Mutex/Monitor currently owned by a thread: None

heap address: 0x00000006c1600000, size: 4074 MB, Compressed Oops mode: Zero based, Oop shift amount: 3
Narrow klass base: 0x0000000000000000, Narrow klass shift: 3
Compressed class space size: 1073741824 Address: 0x00000007c0000000

Heap:
 PSYoungGen      total 672768K, used 334586K [0x000000076b200000, 0x00000007a5380000, 0x00000007c0000000)
  eden space 623104K, 46% used [0x000000076b200000,0x000000077cae6308,0x0000000791280000)
  from space 49664K, 94% used [0x0000000791280000,0x0000000794058880,0x0000000794300000)
  to   space 55296K, 0% used [0x00000007a1d80000,0x00000007a1d80000,0x00000007a5380000)
 ParOldGen       total 238080K, used 90095K [0x00000006c1600000, 0x00000006cfe80000, 0x000000076b200000)
  object space 238080K, 37% used [0x00000006c1600000,0x00000006c6dfbd48,0x00000006cfe80000)
 Metaspace       used 46778K, capacity 47459K, committed 47872K, reserved 1091584K
  class space    used 6144K, capacity 6356K, committed 6400K, reserved 1048576K

Card table byte_map: [0x000002133f7a0000,0x000002133ffa0000] byte_map_base: 0x000002133c195000

Marking Bits: (ParMarkBitMap*) 0x00000000733997c0
 Begin Bits: [0x00000213404f0000, 0x0000021344498000)
 End Bits:   [0x0000021344498000, 0x0000021348440000)

Polling page: 0x000002132ea10000

CodeCache: size=245760Kb used=16016Kb max_used=16848Kb free=229744Kb
 bounds [0x00000213303e0000, 0x0000021331470000, 0x000002133f3e0000]
 total_blobs=5116 nmethods=4367 adapters=661
 compilation: enabled

Compilation events (10 events):
Event: 20.420 Thread 0x000002134b8cd000 5668       1       net.minecraft.block.state.BlockStateContainer$StateImplementation::getBlock (5 bytes)
Event: 20.420 Thread 0x000002134b8cd000 nmethod 5668 0x00000213312445d0 code [0x0000021331244720, 0x0000021331244838]
Event: 20.420 Thread 0x000002134b8cd000 5669       3       java.util.LinkedHashMap::<init> (16 bytes)
Event: 20.420 Thread 0x000002134b8cd000 nmethod 5669 0x00000213307ded10 code [0x00000213307dee80, 0x00000213307df1d0]
Event: 20.420 Thread 0x000002134b8cd000 5670       1       net.minecraft.block.state.BlockStateContainer$StateImplementation::getProperties (5 bytes)
Event: 20.420 Thread 0x000002134b8cd000 nmethod 5670 0x0000021331257a10 code [0x0000021331257b60, 0x0000021331257c78]
Event: 20.422 Thread 0x000002134b8cd000 5671       3       sun.reflect.NativeMethodAccessorImpl::invoke (104 bytes)
Event: 20.423 Thread 0x000002134b8cd000 nmethod 5671 0x0000021331247050 code [0x00000213312472c0, 0x00000213312487a0]
Event: 20.436 Thread 0x000002134b8cd000 5673       3       com.google.gson.TypeAdapter::<init> (5 bytes)
Event: 20.436 Thread 0x000002134b8cd000 nmethod 5673 0x0000021330789450 code [0x00000213307895a0, 0x0000021330789758]

GC Heap History (10 events):
Event: 9.523 GC heap before
{Heap before GC invocations=9 (full 1):
 PSYoungGen      total 300544K, used 282060K [0x000000076b200000, 0x000000078a700000, 0x00000007c0000000)
  eden space 262144K, 100% used [0x000000076b200000,0x000000077b200000,0x000000077b200000)
  from space 38400K, 51% used [0x000000077b200000,0x000000077c573390,0x000000077d780000)
  to   space 35840K, 0% used [0x0000000788400000,0x0000000788400000,0x000000078a700000)
 ParOldGen       total 158720K, used 47244K [0x00000006c1600000, 0x00000006cb100000, 0x000000076b200000)
  object space 158720K, 29% used [0x00000006c1600000,0x00000006c44232d0,0x00000006cb100000)
 Metaspace       used 27831K, capacity 28202K, committed 28416K, reserved 1073152K
  class space    used 3591K, capacity 3716K, committed 3840K, reserved 1048576K
Event: 9.553 GC heap after
Heap after GC invocations=9 (full 1):
 PSYoungGen      total 472064K, used 35819K [0x000000076b200000, 0x000000078b780000, 0x00000007c0000000)
  eden space 436224K, 0% used [0x000000076b200000,0x000000076b200000,0x0000000785c00000)
  from space 35840K, 99% used [0x0000000788400000,0x000000078a6faf88,0x000000078a700000)
  to   space 40960K, 0% used [0x0000000785c00000,0x0000000785c00000,0x0000000788400000)
 ParOldGen       total 158720K, used 47436K [0x00000006c1600000, 0x00000006cb100000, 0x000000076b200000)
  object space 158720K, 29% used [0x00000006c1600000,0x00000006c44531a8,0x00000006cb100000)
 Metaspace       used 27831K, capacity 28202K, committed 28416K, reserved 1073152K
  class space    used 3591K, capacity 3716K, committed 3840K, reserved 1048576K
}
Event: 11.135 GC heap before
{Heap before GC invocations=10 (full 1):
 PSYoungGen      total 472064K, used 472043K [0x000000076b200000, 0x000000078b780000, 0x00000007c0000000)
  eden space 436224K, 100% used [0x000000076b200000,0x0000000785c00000,0x0000000785c00000)
  from space 35840K, 99% used [0x0000000788400000,0x000000078a6faf88,0x000000078a700000)
  to   space 40960K, 0% used [0x0000000785c00000,0x0000000785c00000,0x0000000788400000)
 ParOldGen       total 158720K, used 47436K [0x00000006c1600000, 0x00000006cb100000, 0x000000076b200000)
  object space 158720K, 29% used [0x00000006c1600000,0x00000006c44531a8,0x00000006cb100000)
 Metaspace       used 32872K, capacity 33268K, committed 33664K, reserved 1079296K
  class space    used 4505K, capacity 4658K, committed 4736K, reserved 1048576K
Event: 11.165 GC heap after
Heap after GC invocations=10 (full 1):
 PSYoungGen      total 477184K, used 40943K [0x000000076b200000, 0x0000000797480000, 0x00000007c0000000)
  eden space 436224K, 0% used [0x000000076b200000,0x000000076b200000,0x0000000785c00000)
  from space 40960K, 99% used [0x0000000785c00000,0x00000007883fbda8,0x0000000788400000)
  to   space 50688K, 0% used [0x0000000794300000,0x0000000794300000,0x0000000797480000)
 ParOldGen       total 158720K, used 58827K [0x00000006c1600000, 0x00000006cb100000, 0x000000076b200000)
  object space 158720K, 37% used [0x00000006c1600000,0x00000006c4f72ef0,0x00000006cb100000)
 Metaspace       used 32872K, capacity 33268K, committed 33664K, reserved 1079296K
  class space    used 4505K, capacity 4658K, committed 4736K, reserved 1048576K
}
Event: 11.619 GC heap before
{Heap before GC invocations=11 (full 1):
 PSYoungGen      total 477184K, used 123353K [0x000000076b200000, 0x0000000797480000, 0x00000007c0000000)
  eden space 436224K, 18% used [0x000000076b200000,0x000000077027a818,0x0000000785c00000)
  from space 40960K, 99% used [0x0000000785c00000,0x00000007883fbda8,0x0000000788400000)
  to   space 50688K, 0% used [0x0000000794300000,0x0000000794300000,0x0000000797480000)
 ParOldGen       total 158720K, used 58827K [0x00000006c1600000, 0x00000006cb100000, 0x000000076b200000)
  object space 158720K, 37% used [0x00000006c1600000,0x00000006c4f72ef0,0x00000006cb100000)
 Metaspace       used 34795K, capacity 35200K, committed 35496K, reserved 1079296K
  class space    used 4713K, capacity 4836K, committed 4864K, reserved 1048576K
Event: 11.650 GC heap after
Heap after GC invocations=11 (full 1):
 PSYoungGen      total 673792K, used 18633K [0x000000076b200000, 0x0000000798880000, 0x00000007c0000000)
  eden space 623104K, 0% used [0x000000076b200000,0x000000076b200000,0x0000000791280000)
  from space 50688K, 36% used [0x0000000794300000,0x0000000795532690,0x0000000797480000)
  to   space 49664K, 0% used [0x0000000791280000,0x0000000791280000,0x0000000794300000)
 ParOldGen       total 158720K, used 87124K [0x00000006c1600000, 0x00000006cb100000, 0x000000076b200000)
  object space 158720K, 54% used [0x00000006c1600000,0x00000006c6b15040,0x00000006cb100000)
 Metaspace       used 34795K, capacity 35200K, committed 35496K, reserved 1079296K
  class space    used 4713K, capacity 4836K, committed 4864K, reserved 1048576K
}
Event: 11.650 GC heap before
{Heap before GC invocations=12 (full 2):
 PSYoungGen      total 673792K, used 18633K [0x000000076b200000, 0x0000000798880000, 0x00000007c0000000)
  eden space 623104K, 0% used [0x000000076b200000,0x000000076b200000,0x0000000791280000)
  from space 50688K, 36% used [0x0000000794300000,0x0000000795532690,0x0000000797480000)
  to   space 49664K, 0% used [0x0000000791280000,0x0000000791280000,0x0000000794300000)
 ParOldGen       total 158720K, used 87124K [0x00000006c1600000, 0x00000006cb100000, 0x000000076b200000)
  object space 158720K, 54% used [0x00000006c1600000,0x00000006c6b15040,0x00000006cb100000)
 Metaspace       used 34795K, capacity 35200K, committed 35496K, reserved 1079296K
  class space    used 4713K, capacity 4836K, committed 4864K, reserved 1048576K
Event: 11.777 GC heap after
Heap after GC invocations=12 (full 2):
 PSYoungGen      total 673792K, used 0K [0x000000076b200000, 0x0000000798880000, 0x00000007c0000000)
  eden space 623104K, 0% used [0x000000076b200000,0x000000076b200000,0x0000000791280000)
  from space 50688K, 0% used [0x0000000794300000,0x0000000794300000,0x0000000797480000)
  to   space 49664K, 0% used [0x0000000791280000,0x0000000791280000,0x0000000794300000)
 ParOldGen       total 238080K, used 90087K [0x00000006c1600000, 0x00000006cfe80000, 0x000000076b200000)
  object space 238080K, 37% used [0x00000006c1600000,0x00000006c6df9d48,0x00000006cfe80000)
 Metaspace       used 34795K, capacity 35200K, committed 35496K, reserved 1079296K
  class space    used 4713K, capacity 4836K, committed 4864K, reserved 1048576K
}
Event: 16.158 GC heap before
{Heap before GC invocations=13 (full 2):
 PSYoungGen      total 673792K, used 623104K [0x000000076b200000, 0x0000000798880000, 0x00000007c0000000)
  eden space 623104K, 100% used [0x000000076b200000,0x0000000791280000,0x0000000791280000)
  from space 50688K, 0% used [0x0000000794300000,0x0000000794300000,0x0000000797480000)
  to   space 49664K, 0% used [0x0000000791280000,0x0000000791280000,0x0000000794300000)
 ParOldGen       total 238080K, used 90087K [0x00000006c1600000, 0x00000006cfe80000, 0x000000076b200000)
  object space 238080K, 37% used [0x00000006c1600000,0x00000006c6df9d48,0x00000006cfe80000)
 Metaspace       used 41783K, capacity 42297K, committed 42624K, reserved 1085440K
  class space    used 5539K, capacity 5721K, committed 5760K, reserved 1048576K
Event: 16.196 GC heap after
Heap after GC invocations=13 (full 2):
 PSYoungGen      total 672768K, used 46946K [0x000000076b200000, 0x00000007a5380000, 0x00000007c0000000)
  eden space 623104K, 0% used [0x000000076b200000,0x000000076b200000,0x0000000791280000)
  from space 49664K, 94% used [0x0000000791280000,0x0000000794058880,0x0000000794300000)
  to   space 55296K, 0% used [0x00000007a1d80000,0x00000007a1d80000,0x00000007a5380000)
 ParOldGen       total 238080K, used 90095K [0x00000006c1600000, 0x00000006cfe80000, 0x000000076b200000)
  object space 238080K, 37% used [0x00000006c1600000,0x00000006c6dfbd48,0x00000006cfe80000)
 Metaspace       used 41783K, capacity 42297K, committed 42624K, reserved 1085440K
  class space    used 5539K, capacity 5721K, committed 5760K, reserved 1048576K
}

Deoptimization events (10 events):
Event: 17.264 Thread 0x000002134e205000 Uncommon trap: reason=unstable_if action=reinterpret pc=0x0000021330e35760 method=java.lang.String.indexOf([CII[CIII)I @ 27
Event: 17.264 Thread 0x000002134e205000 Uncommon trap: reason=bimorphic action=maybe_recompile pc=0x0000021330c4e2b8 method=java.util.HashMap.removeNode(ILjava/lang/Object;Ljava/lang/Object;ZZ)Ljava/util/HashMap$Node; @ 283
Event: 17.309 Thread 0x000002134e205000 Uncommon trap: reason=class_check action=maybe_recompile pc=0x000002133100eb2c method=sun.security.util.math.intpoly.IntegerPolynomial$MutableElement.setSum(Lsun/security/util/math/IntegerModuloP;)Lsun/security/util/math/intpoly/IntegerPolynomial$MutableE
Event: 17.309 Thread 0x000002134e205000 Uncommon trap: reason=class_check action=maybe_recompile pc=0x000002133100eb2c method=sun.security.util.math.intpoly.IntegerPolynomial$MutableElement.setSum(Lsun/security/util/math/IntegerModuloP;)Lsun/security/util/math/intpoly/IntegerPolynomial$MutableE
Event: 17.309 Thread 0x000002134e205000 Uncommon trap: reason=class_check action=maybe_recompile pc=0x000002133100eb2c method=sun.security.util.math.intpoly.IntegerPolynomial$MutableElement.setSum(Lsun/security/util/math/IntegerModuloP;)Lsun/security/util/math/intpoly/IntegerPolynomial$MutableE
Event: 17.309 Thread 0x000002134e205000 Uncommon trap: reason=class_check action=maybe_recompile pc=0x000002133100eb2c method=sun.security.util.math.intpoly.IntegerPolynomial$MutableElement.setSum(Lsun/security/util/math/IntegerModuloP;)Lsun/security/util/math/intpoly/IntegerPolynomial$MutableE
Event: 17.349 Thread 0x000002134e205000 Uncommon trap: reason=unstable_if action=reinterpret pc=0x0000021330f68e60 method=java.util.Arrays.equals([B[B)Z @ 12
Event: 17.564 Thread 0x000002134e205000 Uncommon trap: reason=bimorphic action=maybe_recompile pc=0x0000021330c4e2b8 method=java.util.HashMap.removeNode(ILjava/lang/Object;Ljava/lang/Object;ZZ)Ljava/util/HashMap$Node; @ 283
Event: 18.248 Thread 0x000002134e205000 Uncommon trap: reason=unstable_if action=reinterpret pc=0x00000213309bff28 method=java.nio.Buffer.<init>(IIII)V @ 66
Event: 18.251 Thread 0x000002134e205000 Uncommon trap: reason=unstable_if action=reinterpret pc=0x00000213305be1fc method=java.lang.String.indexOf([CII[CIII)I @ 27

Classes redefined (0 events):
No events

Internal exceptions (10 events):
Event: 20.437 Thread 0x000002132ea75800 NullPointerException at vtable entry 0x00000213307ad6a0
Event: 20.437 Thread 0x000002132ea75800 Exception <a 'java/lang/NullPointerException'> (0x000000077c072f20) thrown at [J:\jenkins\tmp\workspace\build\src\hotspot\src\share\vm\runtime\sharedRuntime.cpp, line 605]
Event: 20.438 Thread 0x000002132ea75800 NullPointerException at vtable entry 0x00000213307ad6a0
Event: 20.438 Thread 0x000002132ea75800 Exception <a 'java/lang/NullPointerException'> (0x000000077c07c538) thrown at [J:\jenkins\tmp\workspace\build\src\hotspot\src\share\vm\runtime\sharedRuntime.cpp, line 605]
Event: 20.439 Thread 0x000002132ea75800 NullPointerException at vtable entry 0x00000213307ad6a0
Event: 20.440 Thread 0x000002132ea75800 Exception <a 'java/lang/NullPointerException'> (0x000000077c087390) thrown at [J:\jenkins\tmp\workspace\build\src\hotspot\src\share\vm\runtime\sharedRuntime.cpp, line 605]
Event: 20.441 Thread 0x000002132ea75800 Exception <a 'java/io/IOException'> (0x000000077c08d0b0) thrown at [J:\jenkins\tmp\workspace\build\src\hotspot\src\share\vm\prims\jni.cpp, line 711]
Event: 20.443 Thread 0x000002132ea75800 Exception <a 'java/io/IOException'> (0x000000077c099688) thrown at [J:\jenkins\tmp\workspace\build\src\hotspot\src\share\vm\prims\jni.cpp, line 711]
Event: 20.451 Thread 0x000002132ea75800 NullPointerException at vtable entry 0x00000213307ad6a0
Event: 20.451 Thread 0x000002132ea75800 Exception <a 'java/lang/NullPointerException'> (0x000000077c2365d0) thrown at [J:\jenkins\tmp\workspace\build\src\hotspot\src\share\vm\runtime\sharedRuntime.cpp, line 605]

Events (10 events):
Event: 20.443 loading class net/minecraftforge/client/model/ModelLoader$VanillaModelWrapper
Event: 20.443 loading class net/minecraftforge/client/model/ModelLoader$VanillaModelWrapper done
Event: 20.446 loading class org/lwjgl/openal/ALCdevice
Event: 20.446 loading class org/lwjgl/openal/ALCdevice done
Event: 20.447 loading class org/lwjgl/openal/ALCcontext
Event: 20.447 loading class org/lwjgl/openal/ALCcontext done
Event: 20.448 loading class org/lwjgl/openal/Util
Event: 20.448 loading class org/lwjgl/openal/Util done
Event: 20.450 loading class org/lwjgl/openal/OpenALException
Event: 20.450 loading class org/lwjgl/openal/OpenALException done


Dynamic libraries:
0x00007ff699e30000 - 0x00007ff699e6a000 	C:\Program Files\AdoptOpenJDK\jdk-8.0.272.10-hotspot\bin\java.exe
0x00007fffcdcd0000 - 0x00007fffcdec5000 	C:\Windows\SYSTEM32\ntdll.dll
0x00007fffcbe40000 - 0x00007fffcbefe000 	C:\Windows\System32\KERNEL32.DLL
0x00007fffcb800000 - 0x00007fffcbac9000 	C:\Windows\System32\KERNELBASE.dll
0x00007fffcd060000 - 0x00007fffcd10c000 	C:\Windows\System32\ADVAPI32.dll
0x00007fffcd860000 - 0x00007fffcd8fe000 	C:\Windows\System32\msvcrt.dll
0x00007fffcd2e0000 - 0x00007fffcd37b000 	C:\Windows\System32\sechost.dll
0x00007fffcd380000 - 0x00007fffcd4aa000 	C:\Windows\System32\RPCRT4.dll
0x00007fffcd130000 - 0x00007fffcd2d1000 	C:\Windows\System32\USER32.dll
0x00007fffcbad0000 - 0x00007fffcbaf2000 	C:\Windows\System32\win32u.dll
0x00007fffcdc60000 - 0x00007fffcdc8b000 	C:\Windows\System32\GDI32.dll
0x00007fffcb490000 - 0x00007fffcb59b000 	C:\Windows\System32\gdi32full.dll
0x00007fffcb3f0000 - 0x00007fffcb48d000 	C:\Windows\System32\msvcp_win.dll
0x00007fffcb5a0000 - 0x00007fffcb6a0000 	C:\Windows\System32\ucrtbase.dll
0x00007fffbe8c0000 - 0x00007fffbeb5a000 	C:\Windows\WinSxS\amd64_microsoft.windows.common-controls_6595b64144ccf1df_6.0.19041.1110_none_60b5254171f9507e\COMCTL32.dll
0x00007fffcd830000 - 0x00007fffcd860000 	C:\Windows\System32\IMM32.DLL
0x00007fff89690000 - 0x00007fff8977f000 	C:\Program Files\AdoptOpenJDK\jdk-8.0.272.10-hotspot\jre\bin\msvcr120.dll
0x00007fff86420000 - 0x00007fff864c6000 	C:\Program Files\AdoptOpenJDK\jdk-8.0.272.10-hotspot\jre\bin\msvcp120.dll
0x0000000072bb0000 - 0x0000000073418000 	C:\Program Files\AdoptOpenJDK\jdk-8.0.272.10-hotspot\jre\bin\server\jvm.dll
0x00007fffcd740000 - 0x00007fffcd748000 	C:\Windows\System32\PSAPI.DLL
0x00007fffc52a0000 - 0x00007fffc52a9000 	C:\Windows\SYSTEM32\WSOCK32.dll
0x00007fffbe210000 - 0x00007fffbe21a000 	C:\Windows\SYSTEM32\VERSION.dll
0x00007fffbf150000 - 0x00007fffbf177000 	C:\Windows\SYSTEM32\WINMM.dll
0x00007fffcd760000 - 0x00007fffcd7cb000 	C:\Windows\System32\WS2_32.dll
0x00007fffb9670000 - 0x00007fffb967f000 	C:\Program Files\AdoptOpenJDK\jdk-8.0.272.10-hotspot\jre\bin\verify.dll
0x00007fffaa1e0000 - 0x00007fffaa208000 	C:\Program Files\AdoptOpenJDK\jdk-8.0.272.10-hotspot\jre\bin\java.dll
0x00007fff93eb0000 - 0x00007fff93eda000 	C:\Program Files\AdoptOpenJDK\jdk-8.0.272.10-hotspot\jre\bin\instrument.dll
0x00007fffa0290000 - 0x00007fffa02a6000 	C:\Program Files\AdoptOpenJDK\jdk-8.0.272.10-hotspot\jre\bin\zip.dll
0x00007fffcc8b0000 - 0x00007fffccfef000 	C:\Windows\System32\SHELL32.dll
0x00007fffc9510000 - 0x00007fffc9ca0000 	C:\Windows\SYSTEM32\windows.storage.dll
0x00007fffcd900000 - 0x00007fffcdc55000 	C:\Windows\System32\combase.dll
0x00007fffcae40000 - 0x00007fffcae6c000 	C:\Windows\SYSTEM32\Wldp.dll
0x00007fffcd510000 - 0x00007fffcd5bd000 	C:\Windows\System32\SHCORE.dll
0x00007fffcd7d0000 - 0x00007fffcd825000 	C:\Windows\System32\shlwapi.dll
0x00007fffcb330000 - 0x00007fffcb34f000 	C:\Windows\SYSTEM32\profapi.dll
0x00007fff93890000 - 0x00007fff938aa000 	C:\Program Files\JetBrains\IntelliJ IDEA Community Edition 2020.2.3\bin\breakgen64.dll
0x00007fffa0270000 - 0x00007fffa028a000 	C:\Program Files\AdoptOpenJDK\jdk-8.0.272.10-hotspot\jre\bin\net.dll
0x00007fffcaba0000 - 0x00007fffcac0a000 	C:\Windows\system32\mswsock.dll
0x00007fffb9660000 - 0x00007fffb966d000 	C:\Program Files\AdoptOpenJDK\jdk-8.0.272.10-hotspot\jre\bin\management.dll
0x00007fff8f7d0000 - 0x00007fff8f7e7000 	C:\Windows\system32\napinsp.dll
0x00007fff8f7b0000 - 0x00007fff8f7cb000 	C:\Windows\system32\pnrpnsp.dll
0x00007fffc59a0000 - 0x00007fffc59b5000 	C:\Windows\system32\wshbth.dll
0x00007fffc6ee0000 - 0x00007fffc6efd000 	C:\Windows\system32\NLAapi.dll
0x00007fffca820000 - 0x00007fffca85b000 	C:\Windows\SYSTEM32\IPHLPAPI.DLL
0x00007fffca890000 - 0x00007fffca95c000 	C:\Windows\SYSTEM32\DNSAPI.dll
0x00007fffcd750000 - 0x00007fffcd758000 	C:\Windows\System32\NSI.dll
0x00007fff8f790000 - 0x00007fff8f7a2000 	C:\Windows\System32\winrnr.dll
0x00007fffbfa60000 - 0x00007fffbfa6a000 	C:\Windows\System32\rasadhlp.dll
0x00007fffbef10000 - 0x00007fffbef8f000 	C:\Windows\System32\fwpuclnt.dll
0x00007fffcbb90000 - 0x00007fffcbbb7000 	C:\Windows\System32\bcrypt.dll
0x00007fff96cd0000 - 0x00007fff96ce2000 	C:\Program Files\AdoptOpenJDK\jdk-8.0.272.10-hotspot\jre\bin\nio.dll
0x00007fffcada0000 - 0x00007fffcadb8000 	C:\Windows\SYSTEM32\CRYPTSP.dll
0x00007fffca4b0000 - 0x00007fffca4e4000 	C:\Windows\system32\rsaenh.dll
0x00007fffcb2f0000 - 0x00007fffcb31e000 	C:\Windows\SYSTEM32\USERENV.dll
0x00007fffcbb00000 - 0x00007fffcbb83000 	C:\Windows\System32\bcryptprimitives.dll
0x00007fffcad90000 - 0x00007fffcad9c000 	C:\Windows\SYSTEM32\CRYPTBASE.dll
0x00007fffc2080000 - 0x00007fffc2097000 	C:\Windows\SYSTEM32\dhcpcsvc6.DLL
0x00007fffc1f40000 - 0x00007fffc1f5d000 	C:\Windows\SYSTEM32\dhcpcsvc.DLL
0x00007fff903e0000 - 0x00007fff90422000 	C:\Users\mutas\AppData\Local\Temp\jna-104263934\jna7676222208173707683.dll
0x0000000180000000 - 0x0000000180053000 	C:\Users\mutas\Desktop\UltraDragons\build\natives\lwjgl64.dll
0x00007fffb5a30000 - 0x00007fffb5b55000 	C:\Windows\SYSTEM32\OPENGL32.dll
0x00007fffbe6d0000 - 0x00007fffbe6fc000 	C:\Windows\SYSTEM32\GLU32.dll
0x00007fff74850000 - 0x00007fff749e5000 	C:\Program Files\AdoptOpenJDK\jdk-8.0.272.10-hotspot\jre\bin\awt.dll
0x00007fffcd5c0000 - 0x00007fffcd68d000 	C:\Windows\System32\OLEAUT32.dll
0x00007fffc8c40000 - 0x00007fffc8cd0000 	C:\Windows\SYSTEM32\apphelp.dll
0x00007fffc43e0000 - 0x00007fffc448e000 	C:\Windows\SYSTEM32\mscms.dll
0x00007fffc43c0000 - 0x00007fffc43d1000 	C:\Windows\SYSTEM32\ColorAdapterClient.dll
0x00007fffc9310000 - 0x00007fffc9322000 	C:\Windows\SYSTEM32\kernel.appcore.dll
0x00007fffcd690000 - 0x00007fffcd739000 	C:\Windows\System32\clbcatq.dll
0x00007fff8f5e0000 - 0x00007fff8f624000 	C:\Windows\System32\Windows.Internal.Graphics.Display.DisplayColorManagement.dll
0x00007fffcb700000 - 0x00007fffcb74e000 	C:\Windows\System32\cfgmgr32.dll
0x00007fffc8df0000 - 0x00007fffc8e8e000 	C:\Windows\system32\uxtheme.dll
0x00007fffcbd20000 - 0x00007fffcbe35000 	C:\Windows\System32\MSCTF.dll
0x00007fffbac90000 - 0x00007fffbad89000 	C:\Windows\SYSTEM32\textinputframework.dll
0x00007fffc8a00000 - 0x00007fffc8af2000 	C:\Windows\System32\CoreMessaging.dll
0x00007fffc8240000 - 0x00007fffc859e000 	C:\Windows\System32\CoreUIComponents.dll
0x00007fffca0e0000 - 0x00007fffca113000 	C:\Windows\SYSTEM32\ntmarta.dll
0x00007fffc7ef0000 - 0x00007fffc8044000 	C:\Windows\SYSTEM32\wintypes.dll
0x00007fffc5d40000 - 0x00007fffc5e39000 	C:\Windows\System32\AppXDeploymentClient.dll
0x00007fff76240000 - 0x00007fff76d87000 	C:\Windows\SYSTEM32\ig75icd64.dll
0x00007fffc0030000 - 0x00007fffc0a6f000 	C:\Windows\SYSTEM32\igdusc64.dll
0x00007fffc9020000 - 0x00007fffc904f000 	C:\Windows\SYSTEM32\dwmapi.dll
0x00007fffc6d80000 - 0x00007fffc6d94000 	C:\Windows\SYSTEM32\WTSAPI32.dll
0x00007fffc2890000 - 0x00007fffc28cb000 	C:\Windows\SYSTEM32\dxcore.dll
0x00007fffb6b00000 - 0x00007fffb6b43000 	C:\Windows\SYSTEM32\icm32.dll
0x00007fffca9b0000 - 0x00007fffca9fb000 	C:\Windows\SYSTEM32\powrprof.dll
0x00007fffca860000 - 0x00007fffca872000 	C:\Windows\SYSTEM32\UMPDC.dll
0x00007fffc9ce0000 - 0x00007fffc9dd4000 	C:\Windows\SYSTEM32\dxgi.dll
0x00007fffc7680000 - 0x00007fffc78e4000 	C:\Windows\SYSTEM32\d3d11.dll
0x00007fffc0f60000 - 0x00007fffc1ebd000 	C:\Windows\SYSTEM32\igd10iumd64.dll
0x00007fffcaeb0000 - 0x00007fffcaed7000 	C:\Windows\SYSTEM32\ncrypt.dll
0x00007fffcae70000 - 0x00007fffcaeab000 	C:\Windows\SYSTEM32\NTASN1.dll
0x00007fff8ccd0000 - 0x00007fff8cd12000 	C:\Users\mutas\AppData\Local\Temp\jna-104263934\jna5868738419555364408.dll
0x00007fff956d0000 - 0x00007fff956f3000 	C:\Program Files\AdoptOpenJDK\jdk-8.0.272.10-hotspot\jre\bin\sunec.dll
0x00007fffb7270000 - 0x00007fffb727c000 	C:\Program Files\AdoptOpenJDK\jdk-8.0.272.10-hotspot\jre\bin\sunmscapi.dll
0x00007fffcbbc0000 - 0x00007fffcbd16000 	C:\Windows\System32\CRYPT32.dll
0x0000021354f10000 - 0x0000021354f74000 	C:\Users\mutas\Desktop\UltraDragons\build\natives\OpenAL64.dll
0x00007fffcc460000 - 0x00007fffcc58a000 	C:\Windows\System32\ole32.dll
0x00007fffc38f0000 - 0x00007fffc3975000 	C:\Windows\System32\MMDevApi.dll
0x00007fffcb190000 - 0x00007fffcb1c4000 	C:\Windows\System32\DEVOBJ.dll
0x00007fffb6170000 - 0x00007fffb620c000 	C:\Windows\SYSTEM32\dsound.dll
0x00007fffb6610000 - 0x00007fffb6636000 	C:\Windows\SYSTEM32\winmmbase.dll
0x00007fffc28d0000 - 0x00007fffc2a51000 	C:\Windows\SYSTEM32\AUDIOSES.DLL
0x00007fffba450000 - 0x00007fffba634000 	C:\Windows\SYSTEM32\dbghelp.dll

VM Arguments:
jvm_args: -Dforge.logging.console.level=debug -Dforge.logging.markers=SCAN,REGISTRIES,REGISTRYDUMP -Dnet.minecraftforge.gradle.GradleStart.csvDir=C:\Users\mutas\Desktop\UltraDragons\build\patchExtractMappingsZip -Dnet.minecraftforge.gradle.GradleStart.srg.notch-srg=C:\Users\mutas\Desktop\UltraDragons\build\patchGenerateObfToSrg\obfToSrg.srg -javaagent:C:\Program Files\JetBrains\IntelliJ IDEA Community Edition 2020.2.3\lib\idea_rt.jar=62369:C:\Program Files\JetBrains\IntelliJ IDEA Community Edition 2020.2.3\bin -Dfile.encoding=UTF-8 
java_command: net.minecraftforge.legacydev.MainClient
java_class_path (initial): C:\Program Files\AdoptOpenJDK\jdk-8.0.272.10-hotspot\jre\lib\charsets.jar;C:\Program Files\AdoptOpenJDK\jdk-8.0.272.10-hotspot\jre\lib\ext\access-bridge-64.jar;C:\Program Files\AdoptOpenJDK\jdk-8.0.272.10-hotspot\jre\lib\ext\cldrdata.jar;C:\Program Files\AdoptOpenJDK\jdk-8.0.272.10-hotspot\jre\lib\ext\dnsns.jar;C:\Program Files\AdoptOpenJDK\jdk-8.0.272.10-hotspot\jre\lib\ext\jaccess.jar;C:\Program Files\AdoptOpenJDK\jdk-8.0.272.10-hotspot\jre\lib\ext\localedata.jar;C:\Program Files\AdoptOpenJDK\jdk-8.0.272.10-hotspot\jre\lib\ext\nashorn.jar;C:\Program Files\AdoptOpenJDK\jdk-8.0.272.10-hotspot\jre\lib\ext\sunec.jar;C:\Program Files\AdoptOpenJDK\jdk-8.0.272.10-hotspot\jre\lib\ext\sunjce_provider.jar;C:\Program Files\AdoptOpenJDK\jdk-8.0.272.10-hotspot\jre\lib\ext\sunmscapi.jar;C:\Program Files\AdoptOpenJDK\jdk-8.0.272.10-hotspot\jre\lib\ext\sunpkcs11.jar;C:\Program Files\AdoptOpenJDK\jdk-8.0.272.10-hotspot\jre\lib\ext\zipfs.jar;C:\Program Files\AdoptOpenJDK\jdk-8.0.272.10-hotspot\jre\lib\jce.jar;C:\Program Files\AdoptOpenJDK\jdk-8.0.272.10-hotspot\jre\lib\jfr.jar;C:\Program Files\AdoptOpenJDK\jdk-8.0.272.10-hotspot\jre\lib\jsse.jar;C:\Program Files\AdoptOpenJDK\jdk-8.0.272.10-hotspot\jre\lib\management-agent.jar;C:\Program Files\AdoptOpenJDK\jdk-8.0.272.10-hotspot\jre\lib\resources.jar;C:\Program Files\AdoptOpenJDK\jdk-8.0.272.10-hotspot\jre\lib\rt.jar;C:\Users\mutas\Desktop\UltraDragons\out\production\UltraDragons.main;C:\Users\mutas\.gradle\caches\forge_gradle\minecraft_user_repo\net\minecraftforge\forge\1.12.2-14.23.5.2855_mapped_snapshot_20171003-1.12\forge-1.12.2-14.23.5.2855_mapped_snapshot_20171003-1.12-recomp.jar;C:\Users\mutas\.gradle\caches\forge_gradle\minecraft_repo\versions\1.12.2\client-extra.jar;C:\Users\mutas\.gradle\caches\modules-2\files-2.1\com.google.code.findbugs\jsr305\3.0.1\f7be08ec23c21485b9b5a1cf1654c2ec8c58168d\jsr305-3.0.1.jar;C:\Users\mutas\.gradle\caches\modules-2\files-2.1\net.minecraftforge\mergetool\1.0.13\c
Launcher Type: SUN_STANDARD

Environment Variables:
JAVA_HOME=C:\Program Files\AdoptOpenJDK\jdk-8.0.272.10-hotspot
PATH=C:\Program Files\Common Files\Oracle\Java\javapath;C:\Program Files\AdoptOpenJDK\jdk-8.0.272.10-hotspot\bin;C:\Program Files\AdoptOpenJDK\jre-8.0.272.10-hotspot\bin;C:\ProgramData\Oracle\Java\javapath;C:\Windows\system32;C:\Windows;C:\Windows\System32\Wbem;C:\Windows\System32\WindowsPowerShell\v1.0\;C:\Windows\System32\OpenSSH\;C:\Program Files\Common Files\Autodesk Shared\;C:\Program Files\Git\cmd;C:\Program Files (x86)\Brackets\command;C:\Users\mutas\AppData\Local\Microsoft\WindowsApps;;C:\Program Files\JetBrains\IntelliJ IDEA Community Edition 2020.2.3\bin;
USERNAME=mutas
OS=Windows_NT
PROCESSOR_IDENTIFIER=Intel64 Family 6 Model 60 Stepping 3, GenuineIntel



---------------  S Y S T E M  ---------------

OS: Windows 10.0 , 64 bit Build 19041 (10.0.19041.1202)

CPU:total 8 (initial active 8) (4 cores per cpu, 2 threads per core) family 6 model 60 stepping 3, cmov, cx8, fxsr, mmx, sse, sse2, sse3, ssse3, sse4.1, sse4.2, popcnt, avx, avx2, aes, clmul, erms, lzcnt, ht, tsc, tscinvbit, bmi1, bmi2

Memory: 4k page, physical 16686608k(6064160k free), swap 23768672k(9718736k free)

vm_info: OpenJDK 64-Bit Server VM (25.272-b10) for windows-amd64 JRE (1.8.0_272-b10), built on Oct 22 2020 18:52:21 by "jenkins" with MS VC++ 12.0 (VS2013)

time: Mon Nov 01 09:46:02 2021
timezone: Arabian Standard Time
elapsed time: 20.527263 seconds (0d 0h 0m 20s)

